<?xml version="1.0" encoding="UTF-8"?>
<testng-results ignored="0" total="1" passed="1" failed="0" skipped="0">
  <reporter-output>
  </reporter-output>
  <suite started-at="2026-03-11T05:53:55 IST" name="Default suite" finished-at="2026-03-11T05:54:05 IST" duration-ms="9528">
    <groups>
    </groups>
    <test started-at="2026-03-11T05:53:55 IST" name="Default test" finished-at="2026-03-11T05:54:05 IST" duration-ms="9528">
      <class name="testScript.ManageCategoryTest">
        <test-method is-config="true" signature="browser_launch()[pri:0, instance:testScript.ManageCategoryTest@1bb5a082]" started-at="2026-03-11T05:53:55 IST" name="browser_launch" finished-at="2026-03-11T05:53:58 IST" duration-ms="2080" status="PASS">
          <reporter-output>
          </reporter-output>
        </test-method> <!-- browser_launch -->
        <test-method signature="verifyTheUserIsAbleToLoginWithValidCredentialsAndManageCategory()[pri:4, instance:testScript.ManageCategoryTest@1bb5a082]" started-at="2026-03-11T05:53:58 IST" name="verifyTheUserIsAbleToLoginWithValidCredentialsAndManageCategory" finished-at="2026-03-11T05:54:05 IST" duration-ms="7403" status="PASS">
          <reporter-output>
          </reporter-output>
        </test-method> <!-- verifyTheUserIsAbleToLoginWithValidCredentialsAndManageCategory -->
      </class> <!-- testScript.ManageCategoryTest -->
    </test> <!-- Default test -->
  </suite> <!-- Default suite -->
</testng-results>
