<?xml version="1.0" encoding="UTF-8"?>
<testng-results ignored="0" total="1" passed="1" failed="0" skipped="0">
  <reporter-output>
  </reporter-output>
  <suite started-at="2026-03-12T03:54:09 IST" name="Default suite" finished-at="2026-03-12T03:54:17 IST" duration-ms="8020">
    <groups>
    </groups>
    <test started-at="2026-03-12T03:54:09 IST" name="Default test" finished-at="2026-03-12T03:54:17 IST" duration-ms="8020">
      <class name="testScript.ManageNewsTest">
        <test-method is-config="true" signature="browser_launch()[pri:0, instance:testScript.ManageNewsTest@4802796d]" started-at="2026-03-12T03:54:09 IST" name="browser_launch" finished-at="2026-03-12T03:54:12 IST" duration-ms="2697" status="PASS">
          <reporter-output>
          </reporter-output>
        </test-method> <!-- browser_launch -->
        <test-method signature="verifyTheUserIsAbleToLoginWithValidCredentialsAndManageNews()[pri:1, instance:testScript.ManageNewsTest@4802796d]" started-at="2026-03-12T03:54:12 IST" name="verifyTheUserIsAbleToLoginWithValidCredentialsAndManageNews" description="Login and Manage News" finished-at="2026-03-12T03:54:17 IST" duration-ms="5273" status="PASS">
          <reporter-output>
          </reporter-output>
        </test-method> <!-- verifyTheUserIsAbleToLoginWithValidCredentialsAndManageNews -->
      </class> <!-- testScript.ManageNewsTest -->
    </test> <!-- Default test -->
  </suite> <!-- Default suite -->
</testng-results>
